

Microchip MPLAB XC8 Assembler V2.32 build 20210201212658 
                                                                                               Thu Nov 04 23:11:56 2021

Microchip MPLAB XC8 C Compiler v2.32 (Free license) build 20210201212658 Og1 
     1                           	processor	18F24Q10
     2                           	fnconf	rparam,??,?,0
     3                           	pagewidth 120
     4                           	opt	flic
     5                           	psect	cinit,global,reloc=2,class=CODE,delta=1
     6                           	psect	cstackCOMRAM,global,class=COMRAM,space=1,delta=1,lowdata,noexec
     7                           	psect	text0,global,reloc=2,class=CODE,delta=1
     8                           	psect	intsave_regs,global,class=BIGRAM,space=1,delta=1,noexec
     9                           	psect	rparam,global,class=COMRAM,space=1,delta=1,noexec
    10                           	psect	idloc,global,abs,ovrld,class=IDLOC,space=5,delta=1,noexec
    11                           	psect	config,global,abs,ovrld,class=CONFIG,space=4,delta=1,noexec
    12  0000                     
    13                           ; Version 2.32
    14                           ; Generated 10/02/2021 GMT
    15                           ; 
    16                           ; Copyright © 2021, Microchip Technology Inc. and its subsidiaries ("Microchip")
    17                           ; All rights reserved.
    18                           ; 
    19                           ; This software is developed by Microchip Technology Inc. and its subsidiaries ("Microch
      +                          ip").
    20                           ; 
    21                           ; Redistribution and use in source and binary forms, with or without modification, are
    22                           ; permitted provided that the following conditions are met:
    23                           ; 
    24                           ;     1. Redistributions of source code must retain the above copyright notice, this lis
      +                          t of
    25                           ;        conditions and the following disclaimer.
    26                           ; 
    27                           ;     2. Redistributions in binary form must reproduce the above copyright notice, this 
      +                          list
    28                           ;        of conditions and the following disclaimer in the documentation and/or other
    29                           ;        materials provided with the distribution. Publication is not required when
    30                           ;        this file is used in an embedded application.
    31                           ; 
    32                           ;     3. Microchip's name may not be used to endorse or promote products derived from th
      +                          is
    33                           ;        software without specific prior written permission.
    34                           ; 
    35                           ; THIS SOFTWARE IS PROVIDED BY MICROCHIP "AS IS" AND ANY EXPRESS OR IMPLIED WARRANTIES,
    36                           ; INCLUDING, BUT NOT LIMITED TO, THE IMPLIED WARRANTIES OF MERCHANTABILITY AND FITNESS F
      +                          OR
    37                           ; PURPOSE ARE DISCLAIMED.  IN NO EVENT SHALL MICROCHIP BE LIABLE FOR ANY DIRECT, INDIREC
      +                          T,
    38                           ; INCIDENTAL, SPECIAL, EXEMPLARY, OR CONSEQUENTIAL DAMAGES (INCLUDING BUT NOT LIMITED TO
    39                           ; PROCUREMENT OF SUBSTITUTE GOODS OR SERVICES; LOSS OF USE, DATA OR PROFITS; OR BUSINESS
    40                           ; INTERRUPTION) HOWSOEVER CAUSED AND ON ANY THEORY OF LIABILITY, WHETHER IN CONTRACT, ST
      +                          RICT
    41                           ; LIABILITY, OR TORT (INCLUDING NEGLIGENCE OR OTHERWISE) ARISING IN ANY WAY OUT OF THE U
      +                          SE OF
    42                           ; THIS SOFTWARE, EVEN IF ADVISED OF THE POSSIBILITY OF SUCH DAMAGE.
    43                           ; 
    44                           ; 
    45                           ; Code-generator required, PIC18F24Q10 Definitions
    46                           ; 
    47                           ; SFR Addresses
    48  0000                     
    49                           ; #config settings
    50                           
    51                           	psect	cinit
    52  003FFA                     __pcinit:
    53                           	callstack 0
    54  003FFA                     start_initialization:
    55                           	callstack 0
    56  003FFA                     __initialization:
    57                           	callstack 0
    58  003FFA                     end_of_initialization:
    59                           	callstack 0
    60  003FFA                     __end_of__initialization:
    61                           	callstack 0
    62  003FFA  0100               	movlb	0
    63  003FFC  EFFB  F01F         	goto	_main	;jump to C main() function
    64                           
    65                           	psect	cstackCOMRAM
    66  000000                     __pcstackCOMRAM:
    67                           	callstack 0
    68  000000                     
    69                           ; 1 bytes @ 0x0
    70 ;;
    71 ;;Main: autosize = 0, tempsize = 0, incstack = 0, save=0
    72 ;;
    73 ;; *************** function _main *****************
    74 ;; Defined at:
    75 ;;		line 49 in file "main.c"
    76 ;; Parameters:    Size  Location     Type
    77 ;;		None
    78 ;; Auto vars:     Size  Location     Type
    79 ;;		None
    80 ;; Return value:  Size  Location     Type
    81 ;;                  1    wreg      void 
    82 ;; Registers used:
    83 ;;		None
    84 ;; Tracked objects:
    85 ;;		On entry : 0/0
    86 ;;		On exit  : 0/0
    87 ;;		Unchanged: 0/0
    88 ;; Data sizes:     COMRAM   BANK0   BANK1   BANK2   BANK3   BANK4
    89 ;;      Params:         0       0       0       0       0       0
    90 ;;      Locals:         0       0       0       0       0       0
    91 ;;      Temps:          0       0       0       0       0       0
    92 ;;      Totals:         0       0       0       0       0       0
    93 ;;Total ram usage:        0 bytes
    94 ;; This function calls:
    95 ;;		Nothing
    96 ;; This function is called by:
    97 ;;		Startup code after reset
    98 ;; This function uses a non-reentrant model
    99 ;;
   100                           
   101                           	psect	text0
   102  003FF6                     __ptext0:
   103                           	callstack 0
   104  003FF6                     _main:
   105                           	callstack 31
   106  003FF6  EF00  F000         	goto	start
   107  003FFA                     __end_of_main:
   108                           	callstack 0
   109  0000                     
   110                           	psect	rparam
   111  0000                     
   112                           	psect	idloc
   113                           
   114                           ;Config register IDLOC0 @ 0x200000
   115                           ;	unspecified, using default values
   116  200000                     	org	2097152
   117  200000  FFFF               	dw	65535
   118                           
   119                           ;Config register IDLOC1 @ 0x200002
   120                           ;	unspecified, using default values
   121  200002                     	org	2097154
   122  200002  FFFF               	dw	65535
   123                           
   124                           ;Config register IDLOC2 @ 0x200004
   125                           ;	unspecified, using default values
   126  200004                     	org	2097156
   127  200004  FFFF               	dw	65535
   128                           
   129                           ;Config register IDLOC3 @ 0x200006
   130                           ;	unspecified, using default values
   131  200006                     	org	2097158
   132  200006  FFFF               	dw	65535
   133                           
   134                           ;Config register IDLOC4 @ 0x200008
   135                           ;	unspecified, using default values
   136  200008                     	org	2097160
   137  200008  FFFF               	dw	65535
   138                           
   139                           ;Config register IDLOC5 @ 0x20000A
   140                           ;	unspecified, using default values
   141  20000A                     	org	2097162
   142  20000A  FFFF               	dw	65535
   143                           
   144                           ;Config register IDLOC6 @ 0x20000C
   145                           ;	unspecified, using default values
   146  20000C                     	org	2097164
   147  20000C  FFFF               	dw	65535
   148                           
   149                           ;Config register IDLOC7 @ 0x20000E
   150                           ;	unspecified, using default values
   151  20000E                     	org	2097166
   152  20000E  FFFF               	dw	65535
   153                           
   154                           ;Config register IDLOC8 @ 0x200010
   155                           ;	unspecified, using default values
   156  200010                     	org	2097168
   157  200010  FFFF               	dw	65535
   158                           
   159                           ;Config register IDLOC9 @ 0x200012
   160                           ;	unspecified, using default values
   161  200012                     	org	2097170
   162  200012  FFFF               	dw	65535
   163                           
   164                           ;Config register IDLOC10 @ 0x200014
   165                           ;	unspecified, using default values
   166  200014                     	org	2097172
   167  200014  FFFF               	dw	65535
   168                           
   169                           ;Config register IDLOC11 @ 0x200016
   170                           ;	unspecified, using default values
   171  200016                     	org	2097174
   172  200016  FFFF               	dw	65535
   173                           
   174                           ;Config register IDLOC12 @ 0x200018
   175                           ;	unspecified, using default values
   176  200018                     	org	2097176
   177  200018  FFFF               	dw	65535
   178                           
   179                           ;Config register IDLOC13 @ 0x20001A
   180                           ;	unspecified, using default values
   181  20001A                     	org	2097178
   182  20001A  FFFF               	dw	65535
   183                           
   184                           ;Config register IDLOC14 @ 0x20001C
   185                           ;	unspecified, using default values
   186  20001C                     	org	2097180
   187  20001C  FFFF               	dw	65535
   188                           
   189                           ;Config register IDLOC15 @ 0x20001E
   190                           ;	unspecified, using default values
   191  20001E                     	org	2097182
   192  20001E  FFFF               	dw	65535
   193                           
   194                           ;Config register IDLOC16 @ 0x200020
   195                           ;	unspecified, using default values
   196  200020                     	org	2097184
   197  200020  FFFF               	dw	65535
   198                           
   199                           ;Config register IDLOC17 @ 0x200022
   200                           ;	unspecified, using default values
   201  200022                     	org	2097186
   202  200022  FFFF               	dw	65535
   203                           
   204                           ;Config register IDLOC18 @ 0x200024
   205                           ;	unspecified, using default values
   206  200024                     	org	2097188
   207  200024  FFFF               	dw	65535
   208                           
   209                           ;Config register IDLOC19 @ 0x200026
   210                           ;	unspecified, using default values
   211  200026                     	org	2097190
   212  200026  FFFF               	dw	65535
   213                           
   214                           ;Config register IDLOC20 @ 0x200028
   215                           ;	unspecified, using default values
   216  200028                     	org	2097192
   217  200028  FFFF               	dw	65535
   218                           
   219                           ;Config register IDLOC21 @ 0x20002A
   220                           ;	unspecified, using default values
   221  20002A                     	org	2097194
   222  20002A  FFFF               	dw	65535
   223                           
   224                           ;Config register IDLOC22 @ 0x20002C
   225                           ;	unspecified, using default values
   226  20002C                     	org	2097196
   227  20002C  FFFF               	dw	65535
   228                           
   229                           ;Config register IDLOC23 @ 0x20002E
   230                           ;	unspecified, using default values
   231  20002E                     	org	2097198
   232  20002E  FFFF               	dw	65535
   233                           
   234                           ;Config register IDLOC24 @ 0x200030
   235                           ;	unspecified, using default values
   236  200030                     	org	2097200
   237  200030  FFFF               	dw	65535
   238                           
   239                           ;Config register IDLOC25 @ 0x200032
   240                           ;	unspecified, using default values
   241  200032                     	org	2097202
   242  200032  FFFF               	dw	65535
   243                           
   244                           ;Config register IDLOC26 @ 0x200034
   245                           ;	unspecified, using default values
   246  200034                     	org	2097204
   247  200034  FFFF               	dw	65535
   248                           
   249                           ;Config register IDLOC27 @ 0x200036
   250                           ;	unspecified, using default values
   251  200036                     	org	2097206
   252  200036  FFFF               	dw	65535
   253                           
   254                           ;Config register IDLOC28 @ 0x200038
   255                           ;	unspecified, using default values
   256  200038                     	org	2097208
   257  200038  FFFF               	dw	65535
   258                           
   259                           ;Config register IDLOC29 @ 0x20003A
   260                           ;	unspecified, using default values
   261  20003A                     	org	2097210
   262  20003A  FFFF               	dw	65535
   263                           
   264                           ;Config register IDLOC30 @ 0x20003C
   265                           ;	unspecified, using default values
   266  20003C                     	org	2097212
   267  20003C  FFFF               	dw	65535
   268                           
   269                           ;Config register IDLOC31 @ 0x20003E
   270                           ;	unspecified, using default values
   271  20003E                     	org	2097214
   272  20003E  FFFF               	dw	65535
   273                           
   274                           ;Config register IDLOC32 @ 0x200040
   275                           ;	unspecified, using default values
   276  200040                     	org	2097216
   277  200040  FFFF               	dw	65535
   278                           
   279                           ;Config register IDLOC33 @ 0x200042
   280                           ;	unspecified, using default values
   281  200042                     	org	2097218
   282  200042  FFFF               	dw	65535
   283                           
   284                           ;Config register IDLOC34 @ 0x200044
   285                           ;	unspecified, using default values
   286  200044                     	org	2097220
   287  200044  FFFF               	dw	65535
   288                           
   289                           ;Config register IDLOC35 @ 0x200046
   290                           ;	unspecified, using default values
   291  200046                     	org	2097222
   292  200046  FFFF               	dw	65535
   293                           
   294                           ;Config register IDLOC36 @ 0x200048
   295                           ;	unspecified, using default values
   296  200048                     	org	2097224
   297  200048  FFFF               	dw	65535
   298                           
   299                           ;Config register IDLOC37 @ 0x20004A
   300                           ;	unspecified, using default values
   301  20004A                     	org	2097226
   302  20004A  FFFF               	dw	65535
   303                           
   304                           ;Config register IDLOC38 @ 0x20004C
   305                           ;	unspecified, using default values
   306  20004C                     	org	2097228
   307  20004C  FFFF               	dw	65535
   308                           
   309                           ;Config register IDLOC39 @ 0x20004E
   310                           ;	unspecified, using default values
   311  20004E                     	org	2097230
   312  20004E  FFFF               	dw	65535
   313                           
   314                           ;Config register IDLOC40 @ 0x200050
   315                           ;	unspecified, using default values
   316  200050                     	org	2097232
   317  200050  FFFF               	dw	65535
   318                           
   319                           ;Config register IDLOC41 @ 0x200052
   320                           ;	unspecified, using default values
   321  200052                     	org	2097234
   322  200052  FFFF               	dw	65535
   323                           
   324                           ;Config register IDLOC42 @ 0x200054
   325                           ;	unspecified, using default values
   326  200054                     	org	2097236
   327  200054  FFFF               	dw	65535
   328                           
   329                           ;Config register IDLOC43 @ 0x200056
   330                           ;	unspecified, using default values
   331  200056                     	org	2097238
   332  200056  FFFF               	dw	65535
   333                           
   334                           ;Config register IDLOC44 @ 0x200058
   335                           ;	unspecified, using default values
   336  200058                     	org	2097240
   337  200058  FFFF               	dw	65535
   338                           
   339                           ;Config register IDLOC45 @ 0x20005A
   340                           ;	unspecified, using default values
   341  20005A                     	org	2097242
   342  20005A  FFFF               	dw	65535
   343                           
   344                           ;Config register IDLOC46 @ 0x20005C
   345                           ;	unspecified, using default values
   346  20005C                     	org	2097244
   347  20005C  FFFF               	dw	65535
   348                           
   349                           ;Config register IDLOC47 @ 0x20005E
   350                           ;	unspecified, using default values
   351  20005E                     	org	2097246
   352  20005E  FFFF               	dw	65535
   353                           
   354                           ;Config register IDLOC48 @ 0x200060
   355                           ;	unspecified, using default values
   356  200060                     	org	2097248
   357  200060  FFFF               	dw	65535
   358                           
   359                           ;Config register IDLOC49 @ 0x200062
   360                           ;	unspecified, using default values
   361  200062                     	org	2097250
   362  200062  FFFF               	dw	65535
   363                           
   364                           ;Config register IDLOC50 @ 0x200064
   365                           ;	unspecified, using default values
   366  200064                     	org	2097252
   367  200064  FFFF               	dw	65535
   368                           
   369                           ;Config register IDLOC51 @ 0x200066
   370                           ;	unspecified, using default values
   371  200066                     	org	2097254
   372  200066  FFFF               	dw	65535
   373                           
   374                           ;Config register IDLOC52 @ 0x200068
   375                           ;	unspecified, using default values
   376  200068                     	org	2097256
   377  200068  FFFF               	dw	65535
   378                           
   379                           ;Config register IDLOC53 @ 0x20006A
   380                           ;	unspecified, using default values
   381  20006A                     	org	2097258
   382  20006A  FFFF               	dw	65535
   383                           
   384                           ;Config register IDLOC54 @ 0x20006C
   385                           ;	unspecified, using default values
   386  20006C                     	org	2097260
   387  20006C  FFFF               	dw	65535
   388                           
   389                           ;Config register IDLOC55 @ 0x20006E
   390                           ;	unspecified, using default values
   391  20006E                     	org	2097262
   392  20006E  FFFF               	dw	65535
   393                           
   394                           ;Config register IDLOC56 @ 0x200070
   395                           ;	unspecified, using default values
   396  200070                     	org	2097264
   397  200070  FFFF               	dw	65535
   398                           
   399                           ;Config register IDLOC57 @ 0x200072
   400                           ;	unspecified, using default values
   401  200072                     	org	2097266
   402  200072  FFFF               	dw	65535
   403                           
   404                           ;Config register IDLOC58 @ 0x200074
   405                           ;	unspecified, using default values
   406  200074                     	org	2097268
   407  200074  FFFF               	dw	65535
   408                           
   409                           ;Config register IDLOC59 @ 0x200076
   410                           ;	unspecified, using default values
   411  200076                     	org	2097270
   412  200076  FFFF               	dw	65535
   413                           
   414                           ;Config register IDLOC60 @ 0x200078
   415                           ;	unspecified, using default values
   416  200078                     	org	2097272
   417  200078  FFFF               	dw	65535
   418                           
   419                           ;Config register IDLOC61 @ 0x20007A
   420                           ;	unspecified, using default values
   421  20007A                     	org	2097274
   422  20007A  FFFF               	dw	65535
   423                           
   424                           ;Config register IDLOC62 @ 0x20007C
   425                           ;	unspecified, using default values
   426  20007C                     	org	2097276
   427  20007C  FFFF               	dw	65535
   428                           
   429                           ;Config register IDLOC63 @ 0x20007E
   430                           ;	unspecified, using default values
   431  20007E                     	org	2097278
   432  20007E  FFFF               	dw	65535
   433                           
   434                           ;Config register IDLOC64 @ 0x200080
   435                           ;	unspecified, using default values
   436  200080                     	org	2097280
   437  200080  FFFF               	dw	65535
   438                           
   439                           ;Config register IDLOC65 @ 0x200082
   440                           ;	unspecified, using default values
   441  200082                     	org	2097282
   442  200082  FFFF               	dw	65535
   443                           
   444                           ;Config register IDLOC66 @ 0x200084
   445                           ;	unspecified, using default values
   446  200084                     	org	2097284
   447  200084  FFFF               	dw	65535
   448                           
   449                           ;Config register IDLOC67 @ 0x200086
   450                           ;	unspecified, using default values
   451  200086                     	org	2097286
   452  200086  FFFF               	dw	65535
   453                           
   454                           ;Config register IDLOC68 @ 0x200088
   455                           ;	unspecified, using default values
   456  200088                     	org	2097288
   457  200088  FFFF               	dw	65535
   458                           
   459                           ;Config register IDLOC69 @ 0x20008A
   460                           ;	unspecified, using default values
   461  20008A                     	org	2097290
   462  20008A  FFFF               	dw	65535
   463                           
   464                           ;Config register IDLOC70 @ 0x20008C
   465                           ;	unspecified, using default values
   466  20008C                     	org	2097292
   467  20008C  FFFF               	dw	65535
   468                           
   469                           ;Config register IDLOC71 @ 0x20008E
   470                           ;	unspecified, using default values
   471  20008E                     	org	2097294
   472  20008E  FFFF               	dw	65535
   473                           
   474                           ;Config register IDLOC72 @ 0x200090
   475                           ;	unspecified, using default values
   476  200090                     	org	2097296
   477  200090  FFFF               	dw	65535
   478                           
   479                           ;Config register IDLOC73 @ 0x200092
   480                           ;	unspecified, using default values
   481  200092                     	org	2097298
   482  200092  FFFF               	dw	65535
   483                           
   484                           ;Config register IDLOC74 @ 0x200094
   485                           ;	unspecified, using default values
   486  200094                     	org	2097300
   487  200094  FFFF               	dw	65535
   488                           
   489                           ;Config register IDLOC75 @ 0x200096
   490                           ;	unspecified, using default values
   491  200096                     	org	2097302
   492  200096  FFFF               	dw	65535
   493                           
   494                           ;Config register IDLOC76 @ 0x200098
   495                           ;	unspecified, using default values
   496  200098                     	org	2097304
   497  200098  FFFF               	dw	65535
   498                           
   499                           ;Config register IDLOC77 @ 0x20009A
   500                           ;	unspecified, using default values
   501  20009A                     	org	2097306
   502  20009A  FFFF               	dw	65535
   503                           
   504                           ;Config register IDLOC78 @ 0x20009C
   505                           ;	unspecified, using default values
   506  20009C                     	org	2097308
   507  20009C  FFFF               	dw	65535
   508                           
   509                           ;Config register IDLOC79 @ 0x20009E
   510                           ;	unspecified, using default values
   511  20009E                     	org	2097310
   512  20009E  FFFF               	dw	65535
   513                           
   514                           ;Config register IDLOC80 @ 0x2000A0
   515                           ;	unspecified, using default values
   516  2000A0                     	org	2097312
   517  2000A0  FFFF               	dw	65535
   518                           
   519                           ;Config register IDLOC81 @ 0x2000A2
   520                           ;	unspecified, using default values
   521  2000A2                     	org	2097314
   522  2000A2  FFFF               	dw	65535
   523                           
   524                           ;Config register IDLOC82 @ 0x2000A4
   525                           ;	unspecified, using default values
   526  2000A4                     	org	2097316
   527  2000A4  FFFF               	dw	65535
   528                           
   529                           ;Config register IDLOC83 @ 0x2000A6
   530                           ;	unspecified, using default values
   531  2000A6                     	org	2097318
   532  2000A6  FFFF               	dw	65535
   533                           
   534                           ;Config register IDLOC84 @ 0x2000A8
   535                           ;	unspecified, using default values
   536  2000A8                     	org	2097320
   537  2000A8  FFFF               	dw	65535
   538                           
   539                           ;Config register IDLOC85 @ 0x2000AA
   540                           ;	unspecified, using default values
   541  2000AA                     	org	2097322
   542  2000AA  FFFF               	dw	65535
   543                           
   544                           ;Config register IDLOC86 @ 0x2000AC
   545                           ;	unspecified, using default values
   546  2000AC                     	org	2097324
   547  2000AC  FFFF               	dw	65535
   548                           
   549                           ;Config register IDLOC87 @ 0x2000AE
   550                           ;	unspecified, using default values
   551  2000AE                     	org	2097326
   552  2000AE  FFFF               	dw	65535
   553                           
   554                           ;Config register IDLOC88 @ 0x2000B0
   555                           ;	unspecified, using default values
   556  2000B0                     	org	2097328
   557  2000B0  FFFF               	dw	65535
   558                           
   559                           ;Config register IDLOC89 @ 0x2000B2
   560                           ;	unspecified, using default values
   561  2000B2                     	org	2097330
   562  2000B2  FFFF               	dw	65535
   563                           
   564                           ;Config register IDLOC90 @ 0x2000B4
   565                           ;	unspecified, using default values
   566  2000B4                     	org	2097332
   567  2000B4  FFFF               	dw	65535
   568                           
   569                           ;Config register IDLOC91 @ 0x2000B6
   570                           ;	unspecified, using default values
   571  2000B6                     	org	2097334
   572  2000B6  FFFF               	dw	65535
   573                           
   574                           ;Config register IDLOC92 @ 0x2000B8
   575                           ;	unspecified, using default values
   576  2000B8                     	org	2097336
   577  2000B8  FFFF               	dw	65535
   578                           
   579                           ;Config register IDLOC93 @ 0x2000BA
   580                           ;	unspecified, using default values
   581  2000BA                     	org	2097338
   582  2000BA  FFFF               	dw	65535
   583                           
   584                           ;Config register IDLOC94 @ 0x2000BC
   585                           ;	unspecified, using default values
   586  2000BC                     	org	2097340
   587  2000BC  FFFF               	dw	65535
   588                           
   589                           ;Config register IDLOC95 @ 0x2000BE
   590                           ;	unspecified, using default values
   591  2000BE                     	org	2097342
   592  2000BE  FFFF               	dw	65535
   593                           
   594                           ;Config register IDLOC96 @ 0x2000C0
   595                           ;	unspecified, using default values
   596  2000C0                     	org	2097344
   597  2000C0  FFFF               	dw	65535
   598                           
   599                           ;Config register IDLOC97 @ 0x2000C2
   600                           ;	unspecified, using default values
   601  2000C2                     	org	2097346
   602  2000C2  FFFF               	dw	65535
   603                           
   604                           ;Config register IDLOC98 @ 0x2000C4
   605                           ;	unspecified, using default values
   606  2000C4                     	org	2097348
   607  2000C4  FFFF               	dw	65535
   608                           
   609                           ;Config register IDLOC99 @ 0x2000C6
   610                           ;	unspecified, using default values
   611  2000C6                     	org	2097350
   612  2000C6  FFFF               	dw	65535
   613                           
   614                           ;Config register IDLOC100 @ 0x2000C8
   615                           ;	unspecified, using default values
   616  2000C8                     	org	2097352
   617  2000C8  FFFF               	dw	65535
   618                           
   619                           ;Config register IDLOC101 @ 0x2000CA
   620                           ;	unspecified, using default values
   621  2000CA                     	org	2097354
   622  2000CA  FFFF               	dw	65535
   623                           
   624                           ;Config register IDLOC102 @ 0x2000CC
   625                           ;	unspecified, using default values
   626  2000CC                     	org	2097356
   627  2000CC  FFFF               	dw	65535
   628                           
   629                           ;Config register IDLOC103 @ 0x2000CE
   630                           ;	unspecified, using default values
   631  2000CE                     	org	2097358
   632  2000CE  FFFF               	dw	65535
   633                           
   634                           ;Config register IDLOC104 @ 0x2000D0
   635                           ;	unspecified, using default values
   636  2000D0                     	org	2097360
   637  2000D0  FFFF               	dw	65535
   638                           
   639                           ;Config register IDLOC105 @ 0x2000D2
   640                           ;	unspecified, using default values
   641  2000D2                     	org	2097362
   642  2000D2  FFFF               	dw	65535
   643                           
   644                           ;Config register IDLOC106 @ 0x2000D4
   645                           ;	unspecified, using default values
   646  2000D4                     	org	2097364
   647  2000D4  FFFF               	dw	65535
   648                           
   649                           ;Config register IDLOC107 @ 0x2000D6
   650                           ;	unspecified, using default values
   651  2000D6                     	org	2097366
   652  2000D6  FFFF               	dw	65535
   653                           
   654                           ;Config register IDLOC108 @ 0x2000D8
   655                           ;	unspecified, using default values
   656  2000D8                     	org	2097368
   657  2000D8  FFFF               	dw	65535
   658                           
   659                           ;Config register IDLOC109 @ 0x2000DA
   660                           ;	unspecified, using default values
   661  2000DA                     	org	2097370
   662  2000DA  FFFF               	dw	65535
   663                           
   664                           ;Config register IDLOC110 @ 0x2000DC
   665                           ;	unspecified, using default values
   666  2000DC                     	org	2097372
   667  2000DC  FFFF               	dw	65535
   668                           
   669                           ;Config register IDLOC111 @ 0x2000DE
   670                           ;	unspecified, using default values
   671  2000DE                     	org	2097374
   672  2000DE  FFFF               	dw	65535
   673                           
   674                           ;Config register IDLOC112 @ 0x2000E0
   675                           ;	unspecified, using default values
   676  2000E0                     	org	2097376
   677  2000E0  FFFF               	dw	65535
   678                           
   679                           ;Config register IDLOC113 @ 0x2000E2
   680                           ;	unspecified, using default values
   681  2000E2                     	org	2097378
   682  2000E2  FFFF               	dw	65535
   683                           
   684                           ;Config register IDLOC114 @ 0x2000E4
   685                           ;	unspecified, using default values
   686  2000E4                     	org	2097380
   687  2000E4  FFFF               	dw	65535
   688                           
   689                           ;Config register IDLOC115 @ 0x2000E6
   690                           ;	unspecified, using default values
   691  2000E6                     	org	2097382
   692  2000E6  FFFF               	dw	65535
   693                           
   694                           ;Config register IDLOC116 @ 0x2000E8
   695                           ;	unspecified, using default values
   696  2000E8                     	org	2097384
   697  2000E8  FFFF               	dw	65535
   698                           
   699                           ;Config register IDLOC117 @ 0x2000EA
   700                           ;	unspecified, using default values
   701  2000EA                     	org	2097386
   702  2000EA  FFFF               	dw	65535
   703                           
   704                           ;Config register IDLOC118 @ 0x2000EC
   705                           ;	unspecified, using default values
   706  2000EC                     	org	2097388
   707  2000EC  FFFF               	dw	65535
   708                           
   709                           ;Config register IDLOC119 @ 0x2000EE
   710                           ;	unspecified, using default values
   711  2000EE                     	org	2097390
   712  2000EE  FFFF               	dw	65535
   713                           
   714                           ;Config register IDLOC120 @ 0x2000F0
   715                           ;	unspecified, using default values
   716  2000F0                     	org	2097392
   717  2000F0  FFFF               	dw	65535
   718                           
   719                           ;Config register IDLOC121 @ 0x2000F2
   720                           ;	unspecified, using default values
   721  2000F2                     	org	2097394
   722  2000F2  FFFF               	dw	65535
   723                           
   724                           ;Config register IDLOC122 @ 0x2000F4
   725                           ;	unspecified, using default values
   726  2000F4                     	org	2097396
   727  2000F4  FFFF               	dw	65535
   728                           
   729                           ;Config register IDLOC123 @ 0x2000F6
   730                           ;	unspecified, using default values
   731  2000F6                     	org	2097398
   732  2000F6  FFFF               	dw	65535
   733                           
   734                           ;Config register IDLOC124 @ 0x2000F8
   735                           ;	unspecified, using default values
   736  2000F8                     	org	2097400
   737  2000F8  FFFF               	dw	65535
   738                           
   739                           ;Config register IDLOC125 @ 0x2000FA
   740                           ;	unspecified, using default values
   741  2000FA                     	org	2097402
   742  2000FA  FFFF               	dw	65535
   743                           
   744                           ;Config register IDLOC126 @ 0x2000FC
   745                           ;	unspecified, using default values
   746  2000FC                     	org	2097404
   747  2000FC  FFFF               	dw	65535
   748                           
   749                           ;Config register IDLOC127 @ 0x2000FE
   750                           ;	unspecified, using default values
   751  2000FE                     	org	2097406
   752  2000FE  FFFF               	dw	65535
   753                           
   754                           	psect	config
   755                           
   756                           ;Config register CONFIG1L @ 0x300000
   757                           ;	unspecified, using default values
   758                           ;	External Oscillator mode Selection bits
   759                           ;	FEXTOSC = 0x7, unprogrammed default
   760                           ;	Power-up default value for COSC bits
   761                           ;	RSTOSC = 0x7, unprogrammed default
   762  300000                     	org	3145728
   763  300000  FF                 	db	255
   764                           
   765                           ;Config register CONFIG1H @ 0x300001
   766                           ;	unspecified, using default values
   767                           ;	Clock Out Enable bit
   768                           ;	CLKOUTEN = 0x1, unprogrammed default
   769                           ;	Clock Switch Enable bit
   770                           ;	CSWEN = 0x1, unprogrammed default
   771                           ;	Fail-Safe Clock Monitor Enable bit
   772                           ;	FCMEN = 0x1, unprogrammed default
   773  300001                     	org	3145729
   774  300001  FF                 	db	255
   775                           
   776                           ;Config register CONFIG2L @ 0x300002
   777                           ;	unspecified, using default values
   778                           ;	Master Clear Enable bit
   779                           ;	MCLRE = 0x1, unprogrammed default
   780                           ;	Power-up Timer Enable bit
   781                           ;	PWRTE = 0x1, unprogrammed default
   782                           ;	Low-power BOR enable bit
   783                           ;	LPBOREN = 0x1, unprogrammed default
   784                           ;	Brown-out Reset Enable bits
   785                           ;	BOREN = 0x3, unprogrammed default
   786  300002                     	org	3145730
   787  300002  FF                 	db	255
   788                           
   789                           ;Config register CONFIG2H @ 0x300003
   790                           ;	unspecified, using default values
   791                           ;	Brown Out Reset Voltage selection bits
   792                           ;	BORV = 0x3, unprogrammed default
   793                           ;	ZCD Disable bit
   794                           ;	ZCD = 0x1, unprogrammed default
   795                           ;	PPSLOCK bit One-Way Set Enable bit
   796                           ;	PPS1WAY = 0x1, unprogrammed default
   797                           ;	Stack Full/Underflow Reset Enable bit
   798                           ;	STVREN = 0x1, unprogrammed default
   799                           ;	Extended Instruction Set Enable bit
   800                           ;	XINST = 0x1, unprogrammed default
   801  300003                     	org	3145731
   802  300003  FF                 	db	255
   803                           
   804                           ;Config register CONFIG3L @ 0x300004
   805                           ;	unspecified, using default values
   806                           ;	WDT Period Select bits
   807                           ;	WDTCPS = 0x1F, unprogrammed default
   808                           ;	WDT operating mode
   809                           ;	WDTE = 0x3, unprogrammed default
   810  300004                     	org	3145732
   811  300004  FF                 	db	255
   812                           
   813                           ;Config register CONFIG3H @ 0x300005
   814                           ;	unspecified, using default values
   815                           ;	WDT Window Select bits
   816                           ;	WDTCWS = 0x7, unprogrammed default
   817                           ;	WDT input clock selector
   818                           ;	WDTCCS = 0x7, unprogrammed default
   819  300005                     	org	3145733
   820  300005  FF                 	db	255
   821                           
   822                           ;Config register CONFIG4L @ 0x300006
   823                           ;	unspecified, using default values
   824                           ;	Write Protection Block 0
   825                           ;	WRT0 = 0x1, unprogrammed default
   826                           ;	Write Protection Block 1
   827                           ;	WRT1 = 0x1, unprogramm   828  300006                     	org	3145734
   829  300006  FF                 	db	255
   830                           
   831                           ;Config register CONFIG4H @ 0x300007
   832                           ;	unspecified, using default values
   833                           ;	Configuration Register Write Protection bit
   834                           ;	WRTC = 0x1, unprogrammed default
   835                           ;	Boot Block Write Protection bit
   836                           ;	WRTB = 0x1, unprogrammed default
   837                           ;	Data EEPROM Write Protection bit
   838                           ;	WRTD = 0x1, unprogrammed default
   839                           ;	Scanner Enable bit
   840                           ;	SCANE = 0x1, unprogrammed default
   841                           ;	Low Voltage Programming Enable bit
   842                           ;	LVP = 0x1, unprogrammed default
   843  300007                     	org	3145735
   844  300007  FF                 	db	255
   845                           
   846                           ;Config register CONFIG5L @ 0x300008
   847                           ;	unspecified, using default values
   848                           ;	UserNVM Program Memory Code Protection bit
   849                           ;	CP = 0x1, unprogrammed default
   850                           ;	DataNVM Memory Code Protection bit
   851                           ;	CPD = 0x1, unprogrammed default
   852  300008                     	org	3145736
   853  300008  FF                 	db	255
   854                           
   855                           ;Config register CONFIG5H @ 0x300009
   856                           ;	unspecified, using default values
   857  300009                     	org	3145737
   858  300009  FF                 	db	255
   859                           
   860                           ;Config register CONFIG6L @ 0x30000A
   861                           ;	unspecified, using default values
   862                           ;	Table Read Protection Block 0
   863                           ;	EBTR0 = 0x1, unprogrammed default
   864                           ;	Table Read Protection Block 1
   865                           ;	EBTR1 = 0x1, unprogrammed default
   866  30000A                     	org	3145738
   867  30000A  FF                 	db	255
   868                           
   869                           ;Config register CONFIG6H @ 0x30000B
   870                           ;	unspecified, using default values
   871                           ;	Boot Block Table Read Protection bit
   872                           ;	EBTRB = 0x1, unprogrammed default
   873  30000B                     	org	3145739
   874  30000B  FF                 	db	255
   875                           tosu	equ	0xFFF
   876                           tosh	equ	0xFFE
   877                           tosl	equ	0xFFD
   878                           stkptr	equ	0xFFC
   879                           pclatu	equ	0xFFB
   880                           pclath	equ	0xFFA
   881                           pcl	equ	0xFF9
   882                           tblptru	equ	0xFF8
   883                           tblptrh	equ	0xFF7
   884                           tblptrl	equ	0xFF6
   885                           tablat	equ	0xFF5
   886                           prodh	equ	0xFF4
   887                           prodl	equ	0xFF3
   888                           indf0	equ	0xFEF
   889                           postinc0	equ	0xFEE
   890                           postdec0	equ	0xFED
   891                           preinc0	equ	0xFEC
   892                           plusw0	equ	0xFEB
   893                           fsr0h	equ	0xFEA
   894                           fsr0l	equ	0xFE9
   895                           wreg	equ	0xFE8
   896                           indf1	equ	0xFE7
   897                           postinc1	equ	0xFE6
   898                           postdec1	equ	0xFE5
   899                           preinc1	equ	0xFE4
   900                           plusw1	equ	0xFE3
   901                           fsr1h	equ	0xFE2
   902                           fsr1l	equ	0xFE1
   903                           bsr	equ	0xFE0
   904                           indf2	equ	0xFDF
   905                           postinc2	equ	0xFDE
   906                           postdec2	equ	0xFDD
   907                           preinc2	equ	0xFDC
   908                           plusw2	equ	0xFDB
   909                           fsr2h	equ	0xFDA
   910                           fsr2l	equ	0xFD9
   911                           status	equ	0xFD8

Data Sizes:
    Strings     0
    Constant    0
    Data        0
    BSS         0
    Persistent  0
    Stack       0

Auto Spaces:
    Space          Size  Autos    Used
    COMRAM           95      0       0
    BANK0           160      0       0
    BANK1           256      0       0
    BANK2           256      0       0
    BANK3           256      0       0
    BANK4           256      0       0

Pointer List with Targets:

    None.

Critical Paths under _main in COMRAM

    None.

Critical Paths under _main in BANK0

    None.

Critical Paths under _main in BANK1

    None.

Critical Paths under _main in BANK2

    None.

Critical Paths under _main in BANK3

    None.

Critical Paths under _main in BANK4

    None.

Call Graph Tables:

 ---------------------------------------------------------------------------------
 (Depth) Function   	        Calls       Base Space   Used Autos Params    Refs
 ---------------------------------------------------------------------------------
 (0) _main                                                 0     0      0       0
 ---------------------------------------------------------------------------------
 Estimated maximum stack depth 0
 ---------------------------------------------------------------------------------

 Call Graph Graphs:

 _main (ROOT)

 Address spaces:
Name               Size   Autos  Total    Cost      Usage
BITCOMRAM           5F      0       0       0        0.0%
EEDATA             100      0       0       0        0.0%
NULL                 0      0       0       0        0.0%
CODE                 0      0       0       0        0.0%
COMRAM              5F      0       0       1        0.0%
STACK                0      0       0       2        0.0%
BITBANK0            A0      0       0       3        0.0%
BANK0               A0      0       0       4        0.0%
BITBANK1           100      0       0       5        0.0%
BANK1              100      0       0       6        0.0%
BITBANK2           100      0       0       7        0.0%
BANK2              100      0       0       8        0.0%
BITBANK3           100      0       0       9        0.0%
BANK3              100      0       0      10        0.0%
ABS                  0      0       0      11        0.0%
BITBANK4           100      0       0      12        0.0%
BANK4              100      0       0      13        0.0%
BIGRAM             4FF      0       0      14        0.0%
DATA                 0      0       0      15        0.0%
BITSFR_2             0      0       0     200        0.0%
SFR_2                0      0       0     200        0.0%
BITSFR_1             0      0       0     200        0.0%
SFR_1                0      0       0     200        0.0%
BITSFR               0      0       0     200        0.0%
SFR                  0      0       0     200        0.0%


Microchip Technology PIC18 Macro Assembler V2.32 build 20210201212658 
Symbol Table                                                                                   Thu Nov 04 23:11:56 2021

                      l5 3FF6                     _main 3FF6                     start 0000  
           ___param_bank 000000                    ?_main 0000          __initialization 3FFA  
           __end_of_main 3FFA                   ??_main 0000            __activetblptr 000000  
                 isa$std 000001               __accesstop 0060  __end_of__initialization 3FFA  
          ___rparam_used 000001           __pcstackCOMRAM 0000                  __Hparam 0000  
                __Lparam 0000                  __pcinit 3FFA                  __ramtop 0500  
                __ptext0 3FF6     end_of_initialization 3FFA      start_initialization 3FFA  
               __Hrparam 0000                 __Lrparam 0000            __size_of_main 0004  
               isa$xinst 000000  
